<?xml version="1.0" encoding="UTF-8"?>
<!-- Generated by org.testng.reporters.JUnitReportReporter -->
<testsuite skipped="0" hostname="Chandan" name="com.TestScript.File.LendIn_SignIn" tests="1" failures="0" timestamp="26 Dec 2019 10:22:01 GMT" time="52.657" errors="0">
  <testcase name="SignInLandInCheck" time="52.657" classname="com.TestScript.File.LendIn_SignIn"/>
</testsuite> <!-- com.TestScript.File.LendIn_SignIn -->
