<?xml version="1.0" encoding="UTF-8"?>
<!-- Generated by org.testng.reporters.JUnitReportReporter -->
<testsuite skipped="0" hostname="Chandan" name="com.TestScript.File.LandIn_MerchantApplicationList" tests="1" failures="0" timestamp="24 Dec 2019 12:43:13 GMT" time="70.754" errors="0">
  <testcase name="SignInLandInCheck" time="70.754" classname="com.TestScript.File.LandIn_MerchantApplicationList"/>
</testsuite> <!-- com.TestScript.File.LandIn_MerchantApplicationList -->
