<?xml version="1.0" encoding="UTF-8"?>
<!-- Generated by org.testng.reporters.JUnitReportReporter -->
<testsuite skipped="0" hostname="Chandan" name="com.TestScript.File.LandIn_SignIn" tests="1" failures="0" timestamp="24 Dec 2019 10:26:02 GMT" time="62.475" errors="0">
  <testcase name="SignInLandInCheck" time="62.475" classname="com.TestScript.File.LandIn_SignIn"/>
</testsuite> <!-- com.TestScript.File.LandIn_SignIn -->
