<?xml version="1.0" encoding="UTF-8"?>
<!-- Generated by org.testng.reporters.JUnitReportReporter -->
<testsuite skipped="0" hostname="Chandan" name="com.TestScript.File.LendIn_MerchantApplicationList" tests="1" failures="0" timestamp="26 Dec 2019 10:22:00 GMT" time="87.460" errors="0">
  <testcase name="SignInLandInCheck" time="87.460" classname="com.TestScript.File.LendIn_MerchantApplicationList"/>
</testsuite> <!-- com.TestScript.File.LendIn_MerchantApplicationList -->
